[2022-04-05 22:28:31,231] {taskinstance.py:1043} INFO - Dependencies all met for <TaskInstance: IngestToGCP.processing_tasks_posts_answers.download_files_posts_answers manual__2022-04-05T22:26:13.453440+00:00 [queued]>
[2022-04-05 22:28:31,250] {taskinstance.py:1043} INFO - Dependencies all met for <TaskInstance: IngestToGCP.processing_tasks_posts_answers.download_files_posts_answers manual__2022-04-05T22:26:13.453440+00:00 [queued]>
[2022-04-05 22:28:31,250] {taskinstance.py:1249} INFO - 
--------------------------------------------------------------------------------
[2022-04-05 22:28:31,250] {taskinstance.py:1250} INFO - Starting attempt 1 of 1
[2022-04-05 22:28:31,250] {taskinstance.py:1251} INFO - 
--------------------------------------------------------------------------------
[2022-04-05 22:28:31,302] {taskinstance.py:1270} INFO - Executing <Task(BashOperator): processing_tasks_posts_answers.download_files_posts_answers> on 2022-04-05 22:26:13.453440+00:00
[2022-04-05 22:28:31,341] {standard_task_runner.py:52} INFO - Started process 1986 to run task
[2022-04-05 22:28:31,372] {standard_task_runner.py:79} INFO - Running: ['***', 'tasks', 'run', 'IngestToGCP', 'processing_tasks_posts_answers.download_files_posts_answers', 'manual__2022-04-05T22:26:13.453440+00:00', '--job-id', '8358', '--raw', '--subdir', 'DAGS_FOLDER/ingest_dag.py', '--cfg-path', '/tmp/tmp8zqtkv4q', '--error-file', '/tmp/tmp26xh2oim']
[2022-04-05 22:28:31,373] {standard_task_runner.py:80} INFO - Job 8358: Subtask processing_tasks_posts_answers.download_files_posts_answers
[2022-04-05 22:28:31,545] {logging_mixin.py:109} INFO - Running <TaskInstance: IngestToGCP.processing_tasks_posts_answers.download_files_posts_answers manual__2022-04-05T22:26:13.453440+00:00 [running]> on host 9fe4286b2855
[2022-04-05 22:28:31,887] {logging_mixin.py:109} WARNING - /home/***/.local/lib/python3.7/site-packages/***/utils/context.py:156 AirflowContextDeprecationWarning: Accessing 'execution_date' from the template is deprecated and will be removed in a future version. Please use 'data_interval_start' or 'logical_date' instead.
[2022-04-05 22:28:31,991] {taskinstance.py:1448} INFO - Exporting the following env vars:
AIRFLOW_CTX_DAG_OWNER=***
AIRFLOW_CTX_DAG_ID=IngestToGCP
AIRFLOW_CTX_TASK_ID=processing_tasks_posts_answers.download_files_posts_answers
AIRFLOW_CTX_EXECUTION_DATE=2022-04-05T22:26:13.453440+00:00
AIRFLOW_CTX_DAG_RUN_ID=manual__2022-04-05T22:26:13.453440+00:00
[2022-04-05 22:28:31,993] {subprocess.py:62} INFO - Tmp dir root location: 
 /tmp
[2022-04-05 22:28:31,994] {subprocess.py:74} INFO - Running command: ['bash', '-c', 'curl -A "Mozilla Chrome Safari" -sSfl --connect-timeout 5                     --retry 5                     https://storage.googleapis.com/dtc_data_lake_de-stack-overflow/processed/posts_answers-2022-04.csv > /opt/***/posts_answers-2022-04.csv']
[2022-04-05 22:28:32,149] {subprocess.py:85} INFO - Output:
[2022-04-05 22:28:32,347] {subprocess.py:89} INFO - curl: (22) The requested URL returned error: 404
[2022-04-05 22:28:32,371] {subprocess.py:93} INFO - Command exited with return code 22
[2022-04-05 22:28:33,142] {taskinstance.py:1774} ERROR - Task failed with exception
Traceback (most recent call last):
  File "/home/airflow/.local/lib/python3.7/site-packages/airflow/operators/bash.py", line 188, in execute
    f'Bash command failed. The command returned a non-zero exit code {result.exit_code}.'
airflow.exceptions.AirflowException: Bash command failed. The command returned a non-zero exit code 22.
[2022-04-05 22:28:33,194] {taskinstance.py:1288} INFO - Marking task as FAILED. dag_id=IngestToGCP, task_id=processing_tasks_posts_answers.download_files_posts_answers, execution_date=20220405T222613, start_date=20220405T222831, end_date=20220405T222833
[2022-04-05 22:28:33,381] {standard_task_runner.py:98} ERROR - Failed to execute job 8358 for task processing_tasks_posts_answers.download_files_posts_answers (Bash command failed. The command returned a non-zero exit code 22.; 1986)
[2022-04-05 22:28:33,502] {local_task_job.py:154} INFO - Task exited with return code 1
[2022-04-05 22:28:33,916] {local_task_job.py:264} INFO - 0 downstream tasks scheduled from follow-on schedule check
