[2022-03-30 19:58:26,353] {taskinstance.py:1037} INFO - Dependencies all met for <TaskInstance: IngestToGCP.processing_tasks_post_answers.download_files_post_answers scheduled__2009-04-01T00:00:00+00:00 [queued]>
[2022-03-30 19:58:26,431] {taskinstance.py:1037} INFO - Dependencies all met for <TaskInstance: IngestToGCP.processing_tasks_post_answers.download_files_post_answers scheduled__2009-04-01T00:00:00+00:00 [queued]>
[2022-03-30 19:58:26,438] {taskinstance.py:1243} INFO - 
--------------------------------------------------------------------------------
[2022-03-30 19:58:26,465] {taskinstance.py:1244} INFO - Starting attempt 1 of 1
[2022-03-30 19:58:26,466] {taskinstance.py:1245} INFO - 
--------------------------------------------------------------------------------
[2022-03-30 19:58:26,542] {taskinstance.py:1264} INFO - Executing <Task(BashOperator): processing_tasks_post_answers.download_files_post_answers> on 2009-04-01 00:00:00+00:00
[2022-03-30 19:58:26,573] {standard_task_runner.py:52} INFO - Started process 1234 to run task
[2022-03-30 19:58:26,588] {standard_task_runner.py:76} INFO - Running: ['***', 'tasks', 'run', 'IngestToGCP', 'processing_tasks_post_answers.download_files_post_answers', 'scheduled__2009-04-01T00:00:00+00:00', '--job-id', '43', '--raw', '--subdir', 'DAGS_FOLDER/ingest_dag.py', '--cfg-path', '/tmp/tmpp1w6ypuj', '--error-file', '/tmp/tmpjoud4j3e']
[2022-03-30 19:58:26,589] {standard_task_runner.py:77} INFO - Job 43: Subtask processing_tasks_post_answers.download_files_post_answers
[2022-03-30 19:58:26,888] {logging_mixin.py:109} INFO - Running <TaskInstance: IngestToGCP.processing_tasks_post_answers.download_files_post_answers scheduled__2009-04-01T00:00:00+00:00 [running]> on host d9825fd5ae59
[2022-03-30 19:58:27,095] {logging_mixin.py:109} WARNING - /home/***/.local/lib/python3.7/site-packages/***/utils/context.py:156 AirflowContextDeprecationWarning: Accessing 'execution_date' from the template is deprecated and will be removed in a future version. Please use 'data_interval_start' or 'logical_date' instead.
[2022-03-30 19:58:27,178] {taskinstance.py:1431} INFO - Exporting the following env vars:
AIRFLOW_CTX_DAG_OWNER=***
AIRFLOW_CTX_DAG_ID=IngestToGCP
AIRFLOW_CTX_TASK_ID=processing_tasks_post_answers.download_files_post_answers
AIRFLOW_CTX_EXECUTION_DATE=2009-04-01T00:00:00+00:00
AIRFLOW_CTX_DAG_RUN_ID=scheduled__2009-04-01T00:00:00+00:00
[2022-03-30 19:58:27,180] {subprocess.py:62} INFO - Tmp dir root location: 
 /tmp
[2022-03-30 19:58:27,182] {subprocess.py:74} INFO - Running command: ['bash', '-c', 'curl -sSfl https://storage.googleapis.com/dtc_data_lake_de-stack-overflow/processed/post_answers-2009-04.csv > /opt/***/post_answers-2009-04.csv']
[2022-03-30 19:58:27,289] {subprocess.py:85} INFO - Output:
[2022-03-30 19:58:27,719] {subprocess.py:89} INFO - curl: (22) The requested URL returned error: 404
[2022-03-30 19:58:27,721] {subprocess.py:93} INFO - Command exited with return code 22
[2022-03-30 19:58:27,864] {taskinstance.py:1718} ERROR - Task failed with exception
Traceback (most recent call last):
  File "/home/airflow/.local/lib/python3.7/site-packages/airflow/models/taskinstance.py", line 1334, in _run_raw_task
    self._execute_task_with_callbacks(context)
  File "/home/airflow/.local/lib/python3.7/site-packages/airflow/models/taskinstance.py", line 1460, in _execute_task_with_callbacks
    result = self._execute_task(context, self.task)
  File "/home/airflow/.local/lib/python3.7/site-packages/airflow/models/taskinstance.py", line 1516, in _execute_task
    result = execute_callable(context=context)
  File "/home/airflow/.local/lib/python3.7/site-packages/airflow/operators/bash.py", line 188, in execute
    f'Bash command failed. The command returned a non-zero exit code {result.exit_code}.'
airflow.exceptions.AirflowException: Bash command failed. The command returned a non-zero exit code 22.
[2022-03-30 19:58:27,896] {taskinstance.py:1282} INFO - Marking task as FAILED. dag_id=IngestToGCP, task_id=processing_tasks_post_answers.download_files_post_answers, execution_date=20090401T000000, start_date=20220330T195826, end_date=20220330T195827
[2022-03-30 19:58:27,971] {standard_task_runner.py:92} ERROR - Failed to execute job 43 for task processing_tasks_post_answers.download_files_post_answers
Traceback (most recent call last):
  File "/home/airflow/.local/lib/python3.7/site-packages/airflow/task/task_runner/standard_task_runner.py", line 85, in _start_by_fork
    args.func(args, dag=self.dag)
  File "/home/airflow/.local/lib/python3.7/site-packages/airflow/cli/cli_parser.py", line 48, in command
    return func(*args, **kwargs)
  File "/home/airflow/.local/lib/python3.7/site-packages/airflow/utils/cli.py", line 92, in wrapper
    return f(*args, **kwargs)
  File "/home/airflow/.local/lib/python3.7/site-packages/airflow/cli/commands/task_command.py", line 298, in task_run
    _run_task_by_selected_method(args, dag, ti)
  File "/home/airflow/.local/lib/python3.7/site-packages/airflow/cli/commands/task_command.py", line 107, in _run_task_by_selected_method
    _run_raw_task(args, ti)
  File "/home/airflow/.local/lib/python3.7/site-packages/airflow/cli/commands/task_command.py", line 184, in _run_raw_task
    error_file=args.error_file,
  File "/home/airflow/.local/lib/python3.7/site-packages/airflow/utils/session.py", line 70, in wrapper
    return func(*args, session=session, **kwargs)
  File "/home/airflow/.local/lib/python3.7/site-packages/airflow/models/taskinstance.py", line 1334, in _run_raw_task
    self._execute_task_with_callbacks(context)
  File "/home/airflow/.local/lib/python3.7/site-packages/airflow/models/taskinstance.py", line 1460, in _execute_task_with_callbacks
    result = self._execute_task(context, self.task)
  File "/home/airflow/.local/lib/python3.7/site-packages/airflow/models/taskinstance.py", line 1516, in _execute_task
    result = execute_callable(context=context)
  File "/home/airflow/.local/lib/python3.7/site-packages/airflow/operators/bash.py", line 188, in execute
    f'Bash command failed. The command returned a non-zero exit code {result.exit_code}.'
airflow.exceptions.AirflowException: Bash command failed. The command returned a non-zero exit code 22.
[2022-03-30 19:58:28,055] {local_task_job.py:154} INFO - Task exited with return code 1
[2022-03-30 19:58:28,198] {local_task_job.py:264} INFO - 0 downstream tasks scheduled from follow-on schedule check
