[2022-03-25 00:00:01,547] {taskinstance.py:1037} INFO - Dependencies all met for <TaskInstance: spark-postgres.spark_job_load_postgres scheduled__2022-03-24T00:00:00+00:00 [queued]>
[2022-03-25 00:00:01,559] {taskinstance.py:1037} INFO - Dependencies all met for <TaskInstance: spark-postgres.spark_job_load_postgres scheduled__2022-03-24T00:00:00+00:00 [queued]>
[2022-03-25 00:00:01,559] {taskinstance.py:1243} INFO - 
--------------------------------------------------------------------------------
[2022-03-25 00:00:01,559] {taskinstance.py:1244} INFO - Starting attempt 1 of 2
[2022-03-25 00:00:01,560] {taskinstance.py:1245} INFO - 
--------------------------------------------------------------------------------
[2022-03-25 00:00:01,574] {taskinstance.py:1264} INFO - Executing <Task(SparkSubmitOperator): spark_job_load_postgres> on 2022-03-24 00:00:00+00:00
[2022-03-25 00:00:01,579] {standard_task_runner.py:52} INFO - Started process 964 to run task
[2022-03-25 00:00:01,584] {standard_task_runner.py:76} INFO - Running: ['***', 'tasks', 'run', 'spark-postgres', 'spark_job_load_postgres', 'scheduled__2022-03-24T00:00:00+00:00', '--job-id', '131', '--raw', '--subdir', 'DAGS_FOLDER/sample_dag.py', '--cfg-path', '/tmp/tmpuvmlm8m8', '--error-file', '/tmp/tmpg6xla6hk']
[2022-03-25 00:00:01,585] {standard_task_runner.py:77} INFO - Job 131: Subtask spark_job_load_postgres
[2022-03-25 00:00:01,654] {logging_mixin.py:109} INFO - Running <TaskInstance: spark-postgres.spark_job_load_postgres scheduled__2022-03-24T00:00:00+00:00 [running]> on host c6a44f12508e
[2022-03-25 00:00:01,729] {taskinstance.py:1431} INFO - Exporting the following env vars:
AIRFLOW_CTX_DAG_EMAIL=***@***.com
AIRFLOW_CTX_DAG_OWNER=***
AIRFLOW_CTX_DAG_ID=spark-postgres
AIRFLOW_CTX_TASK_ID=spark_job_load_postgres
AIRFLOW_CTX_EXECUTION_DATE=2022-03-24T00:00:00+00:00
AIRFLOW_CTX_DAG_RUN_ID=scheduled__2022-03-24T00:00:00+00:00
[2022-03-25 00:00:01,741] {spark_submit.py:205} INFO - Could not load connection string spark_default, defaulting to yarn
[2022-03-25 00:00:01,744] {spark_submit.py:335} INFO - Spark-Submit cmd: spark-submit --master yarn --conf spark.master=spark://spark:7077 --driver-class-path /usr/local/spark/resources/jars/postgresql-9.4.1207.jar --jars /usr/local/spark/resources/jars/postgresql-9.4.1207.jar --name load-postgres --verbose /usr/local/spark/app/load-postgres.py /usr/local/spark/resources/data/movies.csv /usr/local/spark/resources/data/ratings.csv jdbc:postgresql://postgres/test test postgres
[2022-03-25 00:00:03,942] {spark_submit.py:488} INFO - Using properties file: null
[2022-03-25 00:00:04,088] {spark_submit.py:488} INFO - WARNING: An illegal reflective access operation has occurred
[2022-03-25 00:00:04,089] {spark_submit.py:488} INFO - WARNING: Illegal reflective access by org.apache.spark.unsafe.Platform (file:/opt/***/spark/spark-3.2.1-bin-hadoop3.2/jars/spark-unsafe_2.12-3.2.1.jar) to constructor java.nio.DirectByteBuffer(long,int)
[2022-03-25 00:00:04,089] {spark_submit.py:488} INFO - WARNING: Please consider reporting this to the maintainers of org.apache.spark.unsafe.Platform
[2022-03-25 00:00:04,089] {spark_submit.py:488} INFO - WARNING: Use --illegal-access=warn to enable warnings of further illegal reflective access operations
[2022-03-25 00:00:04,089] {spark_submit.py:488} INFO - WARNING: All illegal access operations will be denied in a future release
[2022-03-25 00:00:04,163] {spark_submit.py:488} INFO - Exception in thread "main" org.apache.spark.SparkException: When running with master 'yarn' either HADOOP_CONF_DIR or YARN_CONF_DIR must be set in the environment.
[2022-03-25 00:00:04,164] {spark_submit.py:488} INFO - at org.apache.spark.deploy.SparkSubmitArguments.error(SparkSubmitArguments.scala:634)
[2022-03-25 00:00:04,164] {spark_submit.py:488} INFO - at org.apache.spark.deploy.SparkSubmitArguments.validateSubmitArguments(SparkSubmitArguments.scala:274)
[2022-03-25 00:00:04,164] {spark_submit.py:488} INFO - at org.apache.spark.deploy.SparkSubmitArguments.validateArguments(SparkSubmitArguments.scala:234)
[2022-03-25 00:00:04,164] {spark_submit.py:488} INFO - at org.apache.spark.deploy.SparkSubmitArguments.<init>(SparkSubmitArguments.scala:119)
[2022-03-25 00:00:04,164] {spark_submit.py:488} INFO - at org.apache.spark.deploy.SparkSubmit$$anon$2$$anon$3.<init>(SparkSubmit.scala:1026)
[2022-03-25 00:00:04,164] {spark_submit.py:488} INFO - at org.apache.spark.deploy.SparkSubmit$$anon$2.parseArguments(SparkSubmit.scala:1026)
[2022-03-25 00:00:04,164] {spark_submit.py:488} INFO - at org.apache.spark.deploy.SparkSubmit.doSubmit(SparkSubmit.scala:85)
[2022-03-25 00:00:04,164] {spark_submit.py:488} INFO - at org.apache.spark.deploy.SparkSubmit$$anon$2.doSubmit(SparkSubmit.scala:1043)
[2022-03-25 00:00:04,164] {spark_submit.py:488} INFO - at org.apache.spark.deploy.SparkSubmit$.main(SparkSubmit.scala:1052)
[2022-03-25 00:00:04,165] {spark_submit.py:488} INFO - at org.apache.spark.deploy.SparkSubmit.main(SparkSubmit.scala)
[2022-03-25 00:00:04,214] {taskinstance.py:1718} ERROR - Task failed with exception
Traceback (most recent call last):
  File "/home/airflow/.local/lib/python3.7/site-packages/airflow/models/taskinstance.py", line 1334, in _run_raw_task
    self._execute_task_with_callbacks(context)
  File "/home/airflow/.local/lib/python3.7/site-packages/airflow/models/taskinstance.py", line 1460, in _execute_task_with_callbacks
    result = self._execute_task(context, self.task)
  File "/home/airflow/.local/lib/python3.7/site-packages/airflow/models/taskinstance.py", line 1516, in _execute_task
    result = execute_callable(context=context)
  File "/home/airflow/.local/lib/python3.7/site-packages/airflow/providers/apache/spark/operators/spark_submit.py", line 157, in execute
    self._hook.submit(self._application)
  File "/home/airflow/.local/lib/python3.7/site-packages/airflow/providers/apache/spark/hooks/spark_submit.py", line 420, in submit
    f"Cannot execute: {self._mask_cmd(spark_submit_cmd)}. Error code is: {returncode}."
airflow.exceptions.AirflowException: Cannot execute: spark-submit --master yarn --conf spark.master=spark://spark:7077 --driver-class-path /usr/local/spark/resources/jars/postgresql-9.4.1207.jar --jars /usr/local/spark/resources/jars/postgresql-9.4.1207.jar --name load-postgres --verbose /usr/local/spark/app/load-postgres.py /usr/local/spark/resources/data/movies.csv /usr/local/spark/resources/data/ratings.csv jdbc:postgresql://postgres/test test postgres. Error code is: 1.
[2022-03-25 00:00:04,226] {taskinstance.py:1282} INFO - Marking task as UP_FOR_RETRY. dag_id=spark-postgres, task_id=spark_job_load_postgres, execution_date=20220324T000000, start_date=20220325T000001, end_date=20220325T000004
[2022-03-25 00:00:04,254] {standard_task_runner.py:92} ERROR - Failed to execute job 131 for task spark_job_load_postgres
Traceback (most recent call last):
  File "/home/airflow/.local/lib/python3.7/site-packages/airflow/task/task_runner/standard_task_runner.py", line 85, in _start_by_fork
    args.func(args, dag=self.dag)
  File "/home/airflow/.local/lib/python3.7/site-packages/airflow/cli/cli_parser.py", line 48, in command
    return func(*args, **kwargs)
  File "/home/airflow/.local/lib/python3.7/site-packages/airflow/utils/cli.py", line 92, in wrapper
    return f(*args, **kwargs)
  File "/home/airflow/.local/lib/python3.7/site-packages/airflow/cli/commands/task_command.py", line 298, in task_run
    _run_task_by_selected_method(args, dag, ti)
  File "/home/airflow/.local/lib/python3.7/site-packages/airflow/cli/commands/task_command.py", line 107, in _run_task_by_selected_method
    _run_raw_task(args, ti)
  File "/home/airflow/.local/lib/python3.7/site-packages/airflow/cli/commands/task_command.py", line 184, in _run_raw_task
    error_file=args.error_file,
  File "/home/airflow/.local/lib/python3.7/site-packages/airflow/utils/session.py", line 70, in wrapper
    return func(*args, session=session, **kwargs)
  File "/home/airflow/.local/lib/python3.7/site-packages/airflow/models/taskinstance.py", line 1334, in _run_raw_task
    self._execute_task_with_callbacks(context)
  File "/home/airflow/.local/lib/python3.7/site-packages/airflow/models/taskinstance.py", line 1460, in _execute_task_with_callbacks
    result = self._execute_task(context, self.task)
  File "/home/airflow/.local/lib/python3.7/site-packages/airflow/models/taskinstance.py", line 1516, in _execute_task
    result = execute_callable(context=context)
  File "/home/airflow/.local/lib/python3.7/site-packages/airflow/providers/apache/spark/operators/spark_submit.py", line 157, in execute
    self._hook.submit(self._application)
  File "/home/airflow/.local/lib/python3.7/site-packages/airflow/providers/apache/spark/hooks/spark_submit.py", line 420, in submit
    f"Cannot execute: {self._mask_cmd(spark_submit_cmd)}. Error code is: {returncode}."
airflow.exceptions.AirflowException: Cannot execute: spark-submit --master yarn --conf spark.master=spark://spark:7077 --driver-class-path /usr/local/spark/resources/jars/postgresql-9.4.1207.jar --jars /usr/local/spark/resources/jars/postgresql-9.4.1207.jar --name load-postgres --verbose /usr/local/spark/app/load-postgres.py /usr/local/spark/resources/data/movies.csv /usr/local/spark/resources/data/ratings.csv jdbc:postgresql://postgres/test test postgres. Error code is: 1.
[2022-03-25 00:00:04,277] {local_task_job.py:154} INFO - Task exited with return code 1
[2022-03-25 00:00:04,344] {local_task_job.py:264} INFO - 0 downstream tasks scheduled from follow-on schedule check
