[2022-04-05 22:07:02,331] {taskinstance.py:1037} INFO - Dependencies all met for <TaskInstance: IngestToGCP.processing_tasks_badges.ingest_badges_to_bucket scheduled__2009-07-01T00:00:00+00:00 [queued]>
[2022-04-05 22:07:02,464] {taskinstance.py:1037} INFO - Dependencies all met for <TaskInstance: IngestToGCP.processing_tasks_badges.ingest_badges_to_bucket scheduled__2009-07-01T00:00:00+00:00 [queued]>
[2022-04-05 22:07:02,464] {taskinstance.py:1243} INFO - 
--------------------------------------------------------------------------------
[2022-04-05 22:07:02,464] {taskinstance.py:1244} INFO - Starting attempt 1 of 1
[2022-04-05 22:07:02,464] {taskinstance.py:1245} INFO - 
--------------------------------------------------------------------------------
[2022-04-05 22:07:02,609] {taskinstance.py:1264} INFO - Executing <Task(PythonOperator): processing_tasks_badges.ingest_badges_to_bucket> on 2009-07-01 00:00:00+00:00
[2022-04-05 22:07:02,646] {standard_task_runner.py:52} INFO - Started process 3303 to run task
[2022-04-05 22:07:02,717] {standard_task_runner.py:76} INFO - Running: ['***', 'tasks', 'run', 'IngestToGCP', 'processing_tasks_badges.ingest_badges_to_bucket', 'scheduled__2009-07-01T00:00:00+00:00', '--job-id', '8244', '--raw', '--subdir', 'DAGS_FOLDER/ingest_dag.py', '--cfg-path', '/tmp/tmp285hrozw', '--error-file', '/tmp/tmplwvdqq35']
[2022-04-05 22:07:02,719] {standard_task_runner.py:77} INFO - Job 8244: Subtask processing_tasks_badges.ingest_badges_to_bucket
[2022-04-05 22:07:03,114] {logging_mixin.py:109} INFO - Running <TaskInstance: IngestToGCP.processing_tasks_badges.ingest_badges_to_bucket scheduled__2009-07-01T00:00:00+00:00 [running]> on host c460da24ecb6
[2022-04-05 22:07:03,531] {local_task_job.py:82} ERROR - Received SIGTERM. Terminating subprocesses
[2022-04-05 22:07:03,627] {process_utils.py:124} INFO - Sending Signals.SIGTERM to group 3303. PIDs of all processes in the group: [3303]
[2022-04-05 22:07:03,628] {process_utils.py:75} INFO - Sending the signal Signals.SIGTERM to group 3303
[2022-04-05 22:07:03,724] {taskinstance.py:1413} ERROR - Received SIGTERM. Terminating subprocesses.
[2022-04-05 22:07:03,777] {taskinstance.py:1718} ERROR - Task failed with exception
Traceback (most recent call last):
  File "/home/airflow/.local/lib/python3.7/site-packages/jinja2/lexer.py", line 654, in wrap
    .decode("unicode-escape")
  File "/usr/local/lib/python3.7/encodings/__init__.py", line 122, in search_function
    entry = getregentry()
  File "/usr/local/lib/python3.7/encodings/unicode_escape.py", line 40, in getregentry
    decode=Codec.decode,
  File "/home/airflow/.local/lib/python3.7/site-packages/airflow/models/taskinstance.py", line 1415, in signal_handler
    raise AirflowException("Task received SIGTERM signal")
airflow.exceptions.AirflowException: Task received SIGTERM signal

The above exception was the direct cause of the following exception:

Traceback (most recent call last):
  File "/home/airflow/.local/lib/python3.7/site-packages/airflow/models/taskinstance.py", line 1334, in _run_raw_task
    self._execute_task_with_callbacks(context)
  File "/home/airflow/.local/lib/python3.7/site-packages/airflow/models/taskinstance.py", line 1423, in _execute_task_with_callbacks
    self.render_templates(context=context)
  File "/home/airflow/.local/lib/python3.7/site-packages/airflow/models/taskinstance.py", line 2011, in render_templates
    self.task.render_template_fields(context)
  File "/home/airflow/.local/lib/python3.7/site-packages/airflow/models/baseoperator.py", line 1061, in render_template_fields
    self._do_render_template_fields(self, self.template_fields, context, jinja_env, set())
  File "/home/airflow/.local/lib/python3.7/site-packages/airflow/models/baseoperator.py", line 1074, in _do_render_template_fields
    rendered_content = self.render_template(content, context, jinja_env, seen_oids)
  File "/home/airflow/.local/lib/python3.7/site-packages/airflow/models/baseoperator.py", line 1131, in render_template
    return {key: self.render_template(value, context, jinja_env) for key, value in content.items()}
  File "/home/airflow/.local/lib/python3.7/site-packages/airflow/models/baseoperator.py", line 1131, in <dictcomp>
    return {key: self.render_template(value, context, jinja_env) for key, value in content.items()}
  File "/home/airflow/.local/lib/python3.7/site-packages/airflow/models/baseoperator.py", line 1110, in render_template
    template = jinja_env.from_string(content)
  File "/home/airflow/.local/lib/python3.7/site-packages/jinja2/environment.py", line 1092, in from_string
    return cls.from_code(self, self.compile(source), gs, None)
  File "/home/airflow/.local/lib/python3.7/site-packages/jinja2/environment.py", line 757, in compile
    self.handle_exception(source=source_hint)
  File "/home/airflow/.local/lib/python3.7/site-packages/jinja2/environment.py", line 925, in handle_exception
    raise rewrite_traceback_stack(source=source)
  File "<unknown>", line 1, in template
jinja2.exceptions.TemplateSyntaxError: Task received SIGTERM signal
[2022-04-05 22:07:03,912] {taskinstance.py:1282} INFO - Marking task as FAILED. dag_id=IngestToGCP, task_id=processing_tasks_badges.ingest_badges_to_bucket, execution_date=20090701T000000, start_date=20220405T220702, end_date=20220405T220703
[2022-04-05 22:07:03,979] {standard_task_runner.py:92} ERROR - Failed to execute job 8244 for task processing_tasks_badges.ingest_badges_to_bucket
Traceback (most recent call last):
  File "/home/airflow/.local/lib/python3.7/site-packages/jinja2/lexer.py", line 654, in wrap
    .decode("unicode-escape")
  File "/usr/local/lib/python3.7/encodings/__init__.py", line 122, in search_function
    entry = getregentry()
  File "/usr/local/lib/python3.7/encodings/unicode_escape.py", line 40, in getregentry
    decode=Codec.decode,
  File "/home/airflow/.local/lib/python3.7/site-packages/airflow/models/taskinstance.py", line 1415, in signal_handler
    raise AirflowException("Task received SIGTERM signal")
airflow.exceptions.AirflowException: Task received SIGTERM signal

The above exception was the direct cause of the following exception:

Traceback (most recent call last):
  File "/home/airflow/.local/lib/python3.7/site-packages/airflow/task/task_runner/standard_task_runner.py", line 85, in _start_by_fork
    args.func(args, dag=self.dag)
  File "/home/airflow/.local/lib/python3.7/site-packages/airflow/cli/cli_parser.py", line 48, in command
    return func(*args, **kwargs)
  File "/home/airflow/.local/lib/python3.7/site-packages/airflow/utils/cli.py", line 92, in wrapper
    return f(*args, **kwargs)
  File "/home/airflow/.local/lib/python3.7/site-packages/airflow/cli/commands/task_command.py", line 298, in task_run
    _run_task_by_selected_method(args, dag, ti)
  File "/home/airflow/.local/lib/python3.7/site-packages/airflow/cli/commands/task_command.py", line 107, in _run_task_by_selected_method
    _run_raw_task(args, ti)
  File "/home/airflow/.local/lib/python3.7/site-packages/airflow/cli/commands/task_command.py", line 184, in _run_raw_task
    error_file=args.error_file,
  File "/home/airflow/.local/lib/python3.7/site-packages/airflow/utils/session.py", line 70, in wrapper
    return func(*args, session=session, **kwargs)
  File "/home/airflow/.local/lib/python3.7/site-packages/airflow/models/taskinstance.py", line 1334, in _run_raw_task
    self._execute_task_with_callbacks(context)
  File "/home/airflow/.local/lib/python3.7/site-packages/airflow/models/taskinstance.py", line 1423, in _execute_task_with_callbacks
    self.render_templates(context=context)
  File "/home/airflow/.local/lib/python3.7/site-packages/airflow/models/taskinstance.py", line 2011, in render_templates
    self.task.render_template_fields(context)
  File "/home/airflow/.local/lib/python3.7/site-packages/airflow/models/baseoperator.py", line 1061, in render_template_fields
    self._do_render_template_fields(self, self.template_fields, context, jinja_env, set())
  File "/home/airflow/.local/lib/python3.7/site-packages/airflow/models/baseoperator.py", line 1074, in _do_render_template_fields
    rendered_content = self.render_template(content, context, jinja_env, seen_oids)
  File "/home/airflow/.local/lib/python3.7/site-packages/airflow/models/baseoperator.py", line 1131, in render_template
    return {key: self.render_template(value, context, jinja_env) for key, value in content.items()}
  File "/home/airflow/.local/lib/python3.7/site-packages/airflow/models/baseoperator.py", line 1131, in <dictcomp>
    return {key: self.render_template(value, context, jinja_env) for key, value in content.items()}
  File "/home/airflow/.local/lib/python3.7/site-packages/airflow/models/baseoperator.py", line 1110, in render_template
    template = jinja_env.from_string(content)
  File "/home/airflow/.local/lib/python3.7/site-packages/jinja2/environment.py", line 1092, in from_string
    return cls.from_code(self, self.compile(source), gs, None)
  File "/home/airflow/.local/lib/python3.7/site-packages/jinja2/environment.py", line 757, in compile
    self.handle_exception(source=source_hint)
  File "/home/airflow/.local/lib/python3.7/site-packages/jinja2/environment.py", line 925, in handle_exception
    raise rewrite_traceback_stack(source=source)
  File "<unknown>", line 1, in template
jinja2.exceptions.TemplateSyntaxError: Task received SIGTERM signal
[2022-04-05 22:07:04,073] {process_utils.py:70} INFO - Process psutil.Process(pid=3303, status='terminated', exitcode=1, started='22:07:02') (3303) terminated with exit code 1
[2022-04-05 22:07:04,074] {local_task_job.py:154} INFO - Task exited with return code 143
[2022-04-05 22:07:05,944] {local_task_job.py:264} INFO - 0 downstream tasks scheduled from follow-on schedule check
